<?xml version="1.0" encoding="UTF-8"?>
<!-- Generated by org.testng.reporters.JUnitReportReporter -->
<testsuite hostname="DESKTOP-AP4JK8A" failures="0" tests="1" name="com.OrangeHRM.testCases.TC_LoginTest_001" time="1.916" errors="0" timestamp="2024-01-26T13:31:44 IST" skipped="0">
  <testcase classname="com.OrangeHRM.testCases.TC_LoginTest_001" name="loginTest" time="1.916"/>
  <system-out/>
</testsuite> <!-- com.OrangeHRM.testCases.TC_LoginTest_001 -->
