<?xml version="1.0" encoding="UTF-8"?>
<!-- Generated by org.testng.reporters.JUnitReportReporter -->
<testsuite hostname="DESKTOP-AP4JK8A" failures="0" tests="1" name="com.Odemoblaze.testCases.TC_PhoneSecTest_001" time="12.954" errors="0" timestamp="2024-01-26T15:29:21 IST" skipped="0">
  <testcase classname="com.Odemoblaze.testCases.TC_PhoneSecTest_001" name="PhoneTest" time="12.954"/>
  <system-out/>
</testsuite> <!-- com.Odemoblaze.testCases.TC_PhoneSecTest_001 -->
