<?xml version="1.0" encoding="UTF-8"?>
<!-- Generated by org.testng.reporters.JUnitReportReporter -->
<testsuite hostname="DESKTOP-AP4JK8A" failures="0" tests="1" name="com.Odemoblaze.testCases.TC_LoginTest_001" time="3.999" errors="0" timestamp="2024-01-26T17:55:15 IST" skipped="0">
  <testcase classname="com.Odemoblaze.testCases.TC_LoginTest_001" name="loginTest" time="3.999"/>
  <system-out/>
</testsuite> <!-- com.Odemoblaze.testCases.TC_LoginTest_001 -->
