<?xml version="1.0" encoding="UTF-8"?>
<!-- Generated by org.testng.reporters.JUnitReportReporter -->
<testsuite hostname="DESKTOP-AP4JK8A" failures="0" tests="1" name="com.demoblaze.testCases.TC_LoginTest_001" time="1.885" errors="0" timestamp="2024-01-26T18:24:10 IST" skipped="0">
  <testcase classname="com.demoblaze.testCases.TC_LoginTest_001" name="loginTest" time="1.885"/>
  <system-out/>
</testsuite> <!-- com.demoblaze.testCases.TC_LoginTest_001 -->
