<?xml version="1.0" encoding="UTF-8"?>
<!-- Generated by org.testng.reporters.JUnitReportReporter -->
<testsuite hostname="DESKTOP-AP4JK8A" failures="0" tests="4" name="com.Odemoblaze.testCases.TC_LoginDDT_002" time="36.538" errors="0" timestamp="2024-01-26T16:44:30 IST" skipped="0">
  <testcase classname="com.Odemoblaze.testCases.TC_LoginDDT_002" name="PhoneDDTTest" time="10.356"/>
  <system-out/>
  <testcase classname="com.Odemoblaze.testCases.TC_LoginDDT_002" name="PhoneDDTTest" time="8.404"/>
  <system-out/>
  <testcase classname="com.Odemoblaze.testCases.TC_LoginDDT_002" name="PhoneDDTTest" time="8.328"/>
  <system-out/>
  <testcase classname="com.Odemoblaze.testCases.TC_LoginDDT_002" name="PhoneDDTTest" time="9.450"/>
  <system-out/>
</testsuite> <!-- com.Odemoblaze.testCases.TC_LoginDDT_002 -->
