<?xml version="1.0" encoding="UTF-8"?>
<!-- Generated by org.testng.reporters.JUnitReportReporter -->
<testsuite hostname="DESKTOP-AP4JK8A" failures="0" tests="4" name="com.demoblaze.testCases.TC_LoginDDT_002" time="34.566" errors="0" timestamp="2024-01-26T18:24:10 IST" skipped="0">
  <testcase classname="com.demoblaze.testCases.TC_LoginDDT_002" name="PhoneDDTTest" time="9.192"/>
  <system-out/>
  <testcase classname="com.demoblaze.testCases.TC_LoginDDT_002" name="PhoneDDTTest" time="9.567"/>
  <system-out/>
  <testcase classname="com.demoblaze.testCases.TC_LoginDDT_002" name="PhoneDDTTest" time="8.102"/>
  <system-out/>
  <testcase classname="com.demoblaze.testCases.TC_LoginDDT_002" name="PhoneDDTTest" time="7.705"/>
  <system-out/>
</testsuite> <!-- com.demoblaze.testCases.TC_LoginDDT_002 -->
