<?xml version="1.0" encoding="UTF-8"?>
<!-- Generated by org.testng.reporters.JUnitReportReporter -->
<testsuite hostname="DESKTOP-AP4JK8A" failures="0" tests="4" name="com.demoblaze.testCases.TC_LoginDDT_002" time="40.835" errors="0" timestamp="2024-01-26T18:37:38 IST" skipped="0">
  <testcase classname="com.demoblaze.testCases.TC_LoginDDT_002" name="PhoneDDTTest" time="9.058"/>
  <system-out/>
  <testcase classname="com.demoblaze.testCases.TC_LoginDDT_002" name="PhoneDDTTest" time="9.797"/>
  <system-out/>
  <testcase classname="com.demoblaze.testCases.TC_LoginDDT_002" name="PhoneDDTTest" time="8.131"/>
  <system-out/>
  <testcase classname="com.demoblaze.testCases.TC_LoginDDT_002" name="PhoneDDTTest" time="13.849"/>
  <system-out/>
</testsuite> <!-- com.demoblaze.testCases.TC_LoginDDT_002 -->
